   1               		.file	"zoSms.c"
   2               	__SREG__ = 0x3f
   3               	__SP_H__ = 0x3e
   4               	__SP_L__ = 0x3d
   5               	__CCP__  = 0x34
   6               	__tmp_reg__ = 0
   7               	__zero_reg__ = 1
  15               	.Ltext0:
  16               	.global	zoSmsPinsInit
  18               	zoSmsPinsInit:
  19               	.LFB8:
  20               	.LM1:
  21               	/* prologue: function */
  22               	/* frame size = 0 */
  23               	.LM2:
  24 0000 84E0      		ldi r24,lo8(4)
  25 0002 84B9      		out 36-32,r24
  26               	.LM3:
  27 0004 85B1      		in r24,37-32
  28 0006 8E63      		ori r24,lo8(62)
  29 0008 85B9      		out 37-32,r24
  30               	.LM4:
  31 000a 17B8      		out 39-32,__zero_reg__
  32               	.LM5:
  33 000c 88B1      		in r24,40-32
  34 000e 8063      		ori r24,lo8(48)
  35 0010 88B9      		out 40-32,r24
  36               	.LM6:
  37 0012 8EE3      		ldi r24,lo8(62)
  38 0014 8AB9      		out 42-32,r24
  39               	.LM7:
  40 0016 81EC      		ldi r24,lo8(-63)
  41 0018 8BB9      		out 43-32,r24
  42               	/* epilogue start */
  43               	.LM8:
  44 001a 0895      		ret
  45               	.LFE8:
  47               	.global	accelerationCompleteCriterion
  49               	accelerationCompleteCriterion:
  50               	.LFB12:
  51               	.LM9:
  52 001c AF92      		push r10
  53 001e BF92      		push r11
  54 0020 CF92      		push r12
  55 0022 DF92      		push r13
  56 0024 EF92      		push r14
  57 0026 FF92      		push r15
  58 0028 0F93      		push r16
  59 002a 1F93      		push r17
  60               	/* prologue: function */
  61               	/* frame size = 0 */
  62               	.LM10:
  63 002c E090 0000 		lds r14,Sms+25
  64 0030 F090 0000 		lds r15,(Sms+25)+1
  65 0034 0091 0000 		lds r16,(Sms+25)+2
  66 0038 1091 0000 		lds r17,(Sms+25)+3
  67 003c 6091 0000 		lds r22,Sms+33
  68 0040 7091 0000 		lds r23,(Sms+33)+1
  69 0044 8091 0000 		lds r24,(Sms+33)+2
  70 0048 9091 0000 		lds r25,(Sms+33)+3
  71 004c A801      		movw r20,r16
  72 004e 9701      		movw r18,r14
  73 0050 0E94 0000 		call __subsf3
  74 0054 5B01      		movw r10,r22
  75 0056 6C01      		movw r12,r24
  76 0058 6091 0000 		lds r22,Sms+29
  77 005c 7091 0000 		lds r23,(Sms+29)+1
  78 0060 8091 0000 		lds r24,(Sms+29)+2
  79 0064 9091 0000 		lds r25,(Sms+29)+3
  80 0068 A801      		movw r20,r16
  81 006a 9701      		movw r18,r14
  82 006c 0E94 0000 		call __subsf3
  83 0070 9B01      		movw r18,r22
  84 0072 AC01      		movw r20,r24
  85 0074 C601      		movw r24,r12
  86 0076 B501      		movw r22,r10
  87 0078 0E94 0000 		call __mulsf3
  88 007c 2091 0000 		lds r18,Sms+1
  89 0080 3091 0000 		lds r19,(Sms+1)+1
  90 0084 4091 0000 		lds r20,(Sms+1)+2
  91 0088 5091 0000 		lds r21,(Sms+1)+3
  92 008c 0E94 0000 		call __mulsf3
  93 0090 0E94 0000 		call __fixsfsi
  94 0094 1616      		cp __zero_reg__,r22
  95 0096 1706      		cpc __zero_reg__,r23
  96 0098 1806      		cpc __zero_reg__,r24
  97 009a 1906      		cpc __zero_reg__,r25
  98 009c 04F4      		brge .L8
  99 009e 80E0      		ldi r24,lo8(0)
 100               	.L5:
 101               	/* epilogue start */
 102               	.LM11:
 103 00a0 1F91      		pop r17
 104 00a2 0F91      		pop r16
 105 00a4 FF90      		pop r15
 106 00a6 EF90      		pop r14
 107 00a8 DF90      		pop r13
 108 00aa CF90      		pop r12
 109 00ac BF90      		pop r11
 110 00ae AF90      		pop r10
 111 00b0 0895      		ret
 112               	.L8:
 113               	.LM12:
 114 00b2 8FEF      		ldi r24,lo8(-1)
 115 00b4 00C0      		rjmp .L5
 116               	.LFE12:
 118               	.global	positionReachedCriterion
 120               	positionReachedCriterion:
 121               	.LFB14:
 122               	.LM13:
 123               	/* prologue: function */
 124               	/* frame size = 0 */
 125               	.LM14:
 126 00b6 0E94 0000 		call zoEncoderGetPos
 127 00ba 9B01      		movw r18,r22
 128 00bc AC01      		movw r20,r24
 129 00be 8091 0000 		lds r24,Sms+49
 130 00c2 9091 0000 		lds r25,(Sms+49)+1
 131 00c6 A091 0000 		lds r26,(Sms+49)+2
 132 00ca B091 0000 		lds r27,(Sms+49)+3
 133 00ce 281B      		sub r18,r24
 134 00d0 390B      		sbc r19,r25
 135 00d2 4A0B      		sbc r20,r26
 136 00d4 5B0B      		sbc r21,r27
 137 00d6 57FD      		sbrc r21,7
 138 00d8 00C0      		rjmp .L14
 139 00da 2230      		cpi r18,lo8(2)
 140 00dc 3105      		cpc r19,__zero_reg__
 141 00de 4105      		cpc r20,__zero_reg__
 142 00e0 5105      		cpc r21,__zero_reg__
 143 00e2 04F0      		brlt .L15
 144               	.L10:
 145 00e4 80E0      		ldi r24,lo8(0)
 146               	.LM15:
 147 00e6 0895      		ret
 148               	.L14:
 149               	.LM16:
 150 00e8 5095      		com r21
 151 00ea 4095      		com r20
 152 00ec 3095      		com r19
 153 00ee 2195      		neg r18
 154 00f0 3F4F      		sbci r19,lo8(-1)
 155 00f2 4F4F      		sbci r20,lo8(-1)
 156 00f4 5F4F      		sbci r21,lo8(-1)
 157 00f6 2230      		cpi r18,lo8(2)
 158 00f8 3105      		cpc r19,__zero_reg__
 159 00fa 4105      		cpc r20,__zero_reg__
 160 00fc 5105      		cpc r21,__zero_reg__
 161 00fe 04F4      		brge .L10
 162               	.L15:
 163 0100 8FEF      		ldi r24,lo8(-1)
 164 0102 0895      		ret
 165               	.LFE14:
 167               	.global	constantVelocityCompletedCriterion
 169               	constantVelocityCompletedCriterion:
 170               	.LFB13:
 171               	.LM17:
 172               	/* prologue: function */
 173               	/* frame size = 0 */
 174               	.LM18:
 175 0104 0E94 0000 		call zoEncoderGetPos
 176 0108 9B01      		movw r18,r22
 177 010a AC01      		movw r20,r24
 178 010c 8091 0000 		lds r24,Sms+45
 179 0110 9091 0000 		lds r25,(Sms+45)+1
 180 0114 A091 0000 		lds r26,(Sms+45)+2
 181 0118 B091 0000 		lds r27,(Sms+45)+3
 182 011c 281B      		sub r18,r24
 183 011e 390B      		sbc r19,r25
 184 0120 4A0B      		sbc r20,r26
 185 0122 5B0B      		sbc r21,r27
 186 0124 57FD      		sbrc r21,7
 187 0126 00C0      		rjmp .L21
 188 0128 2230      		cpi r18,lo8(2)
 189 012a 3105      		cpc r19,__zero_reg__
 190 012c 4105      		cpc r20,__zero_reg__
 191 012e 5105      		cpc r21,__zero_reg__
 192 0130 04F0      		brlt .L22
 193               	.L17:
 194 0132 80E0      		ldi r24,lo8(0)
 195               	.LM19:
 196 0134 0895      		ret
 197               	.L21:
 198               	.LM20:
 199 0136 5095      		com r21
 200 0138 4095      		com r20
 201 013a 3095      		com r19
 202 013c 2195      		neg r18
 203 013e 3F4F      		sbci r19,lo8(-1)
 204 0140 4F4F      		sbci r20,lo8(-1)
 205 0142 5F4F      		sbci r21,lo8(-1)
 206 0144 2230      		cpi r18,lo8(2)
 207 0146 3105      		cpc r19,__zero_reg__
 208 0148 4105      		cpc r20,__zero_reg__
 209 014a 5105      		cpc r21,__zero_reg__
 210 014c 04F4      		brge .L17
 211               	.L22:
 212 014e 8FEF      		ldi r24,lo8(-1)
 213 0150 0895      		ret
 214               	.LFE13:
 216               	.global	deccelRecalc
 218               	deccelRecalc:
 219               	.LFB11:
 220               	.LM21:
 221 0152 6F92      		push r6
 222 0154 7F92      		push r7
 223 0156 8F92      		push r8
 224 0158 9F92      		push r9
 225 015a AF92      		push r10
 226 015c BF92      		push r11
 227 015e CF92      		push r12
 228 0160 DF92      		push r13
 229 0162 EF92      		push r14
 230 0164 FF92      		push r15
 231 0166 0F93      		push r16
 232 0168 1F93      		push r17
 233               	/* prologue: function */
 234               	/* frame size = 0 */
 235               	.LM22:
 236 016a 6091 0000 		lds r22,Sms+29
 237 016e 7091 0000 		lds r23,(Sms+29)+1
 238 0172 8091 0000 		lds r24,(Sms+29)+2
 239 0176 9091 0000 		lds r25,(Sms+29)+3
 240 017a 0E94 0000 		call square
 241 017e 5B01      		movw r10,r22
 242 0180 6C01      		movw r12,r24
 243 0182 E090 0000 		lds r14,Sms+49
 244 0186 F090 0000 		lds r15,(Sms+49)+1
 245 018a 0091 0000 		lds r16,(Sms+49)+2
 246 018e 1091 0000 		lds r17,(Sms+49)+3
 247 0192 0E94 0000 		call zoEncoderGetPos
 248 0196 3B01      		movw r6,r22
 249 0198 4C01      		movw r8,r24
 250 019a C601      		movw r24,r12
 251 019c B501      		movw r22,r10
 252 019e 20E0      		ldi r18,lo8(0x3f000000)
 253 01a0 30E0      		ldi r19,hi8(0x3f000000)
 254 01a2 40E0      		ldi r20,hlo8(0x3f000000)
 255 01a4 5FE3      		ldi r21,hhi8(0x3f000000)
 256 01a6 0E94 0000 		call __mulsf3
 257 01aa 5B01      		movw r10,r22
 258 01ac 6C01      		movw r12,r24
 259 01ae E618      		sub r14,r6
 260 01b0 F708      		sbc r15,r7
 261 01b2 0809      		sbc r16,r8
 262 01b4 1909      		sbc r17,r9
 263 01b6 C801      		movw r24,r16
 264 01b8 B701      		movw r22,r14
 265 01ba 0E94 0000 		call __floatsisf
 266 01be 9B01      		movw r18,r22
 267 01c0 AC01      		movw r20,r24
 268 01c2 C601      		movw r24,r12
 269 01c4 B501      		movw r22,r10
 270 01c6 0E94 0000 		call __divsf3
 271               	/* epilogue start */
 272               	.LM23:
 273 01ca 1F91      		pop r17
 274 01cc 0F91      		pop r16
 275 01ce FF90      		pop r15
 276 01d0 EF90      		pop r14
 277 01d2 DF90      		pop r13
 278 01d4 CF90      		pop r12
 279 01d6 BF90      		pop r11
 280 01d8 AF90      		pop r10
 281 01da 9F90      		pop r9
 282 01dc 8F90      		pop r8
 283 01de 7F90      		pop r7
 284 01e0 6F90      		pop r6
 285 01e2 0895      		ret
 286               	.LFE11:
 288               	.global	zoSmsRestoreDefaults
 290               	zoSmsRestoreDefaults:
 291               	.LFB10:
 292               	.LM24:
 293               	/* prologue: function */
 294               	/* frame size = 0 */
 295               	.LM25:
 296 01e4 80E0      		ldi r24,lo8(0)
 297 01e6 90E0      		ldi r25,hi8(0)
 298 01e8 64E0      		ldi r22,lo8(4)
 299 01ea 0E94 0000 		call __eewr_byte_m328p
 300               	.LM26:
 301 01ee 80E1      		ldi r24,lo8(16)
 302 01f0 90E0      		ldi r25,hi8(16)
 303 01f2 60EA      		ldi r22,lo8(4000)
 304 01f4 7FE0      		ldi r23,hi8(4000)
 305 01f6 0E94 0000 		call __eewr_word_m328p
 306               	.LM27:
 307 01fa 80E2      		ldi r24,lo8(32)
 308 01fc 90E0      		ldi r25,hi8(32)
 309 01fe 64E6      		ldi r22,lo8(100)
 310 0200 70E0      		ldi r23,hi8(100)
 311 0202 0E94 0000 		call __eewr_word_m328p
 312               	.LM28:
 313 0206 80E3      		ldi r24,lo8(48)
 314 0208 90E0      		ldi r25,hi8(48)
 315 020a 68EE      		ldi r22,lo8(1000)
 316 020c 73E0      		ldi r23,hi8(1000)
 317 020e 0E94 0000 		call __eewr_word_m328p
 318               	.LM29:
 319 0212 80E4      		ldi r24,lo8(64)
 320 0214 90E0      		ldi r25,hi8(64)
 321 0216 68E8      		ldi r22,lo8(5000)
 322 0218 73E1      		ldi r23,hi8(5000)
 323 021a 0E94 0000 		call __eewr_word_m328p
 324               	.LM30:
 325 021e 80E5      		ldi r24,lo8(80)
 326 0220 90E0      		ldi r25,hi8(80)
 327 0222 68E8      		ldi r22,lo8(5000)
 328 0224 73E1      		ldi r23,hi8(5000)
 329 0226 0E94 0000 		call __eewr_word_m328p
 330               	.LM31:
 331 022a 80E8      		ldi r24,lo8(128)
 332 022c 90E0      		ldi r25,hi8(128)
 333 022e 60E0      		ldi r22,lo8(0)
 334 0230 0E94 0000 		call __eewr_byte_m328p
 335               	.LM32:
 336 0234 80EA      		ldi r24,lo8(160)
 337 0236 90E0      		ldi r25,hi8(160)
 338 0238 40E0      		ldi r20,lo8(115200)
 339 023a 52EC      		ldi r21,hi8(115200)
 340 023c 61E0      		ldi r22,hlo8(115200)
 341 023e 70E0      		ldi r23,hhi8(115200)
 342 0240 0E94 0000 		call __eewr_dword_m328p
 343               	.LM33:
 344 0244 80E9      		ldi r24,lo8(144)
 345 0246 90E0      		ldi r25,hi8(144)
 346 0248 40EA      		ldi r20,lo8(100000)
 347 024a 56E8      		ldi r21,hi8(100000)
 348 024c 61E0      		ldi r22,hlo8(100000)
 349 024e 70E0      		ldi r23,hhi8(100000)
 350 0250 0E94 0000 		call __eewr_dword_m328p
 351               	.LM34:
 352 0254 80E6      		ldi r24,lo8(96)
 353 0256 90E0      		ldi r25,hi8(96)
 354 0258 40E2      		ldi r20,lo8(800)
 355 025a 53E0      		ldi r21,hi8(800)
 356 025c 60E0      		ldi r22,hlo8(800)
 357 025e 70E0      		ldi r23,hhi8(800)
 358 0260 0E94 0000 		call __eewr_dword_m328p
 359               	.LM35:
 360 0264 80E7      		ldi r24,lo8(112)
 361 0266 90E0      		ldi r25,hi8(112)
 362 0268 40E2      		ldi r20,lo8(800)
 363 026a 53E0      		ldi r21,hi8(800)
 364 026c 60E0      		ldi r22,hlo8(800)
 365 026e 70E0      		ldi r23,hhi8(800)
 366 0270 0E94 0000 		call __eewr_dword_m328p
 367               	.LM36:
 368 0274 80EB      		ldi r24,lo8(176)
 369 0276 90E0      		ldi r25,hi8(176)
 370 0278 6FEF      		ldi r22,lo8(-1)
 371 027a 0E94 0000 		call __eewr_byte_m328p
 372               	.LM37:
 373 027e 80EC      		ldi r24,lo8(192)
 374 0280 90E0      		ldi r25,hi8(192)
 375 0282 60E0      		ldi r22,lo8(0)
 376 0284 0E94 0000 		call __eewr_byte_m328p
 377               	/* epilogue start */
 378               	.LM38:
 379 0288 0895      		ret
 380               	.LFE10:
 382               	.global	zoSmsInitSettingsFromEeprom
 384               	zoSmsInitSettingsFromEeprom:
 385               	.LFB9:
 386               	.LM39:
 387               	/* prologue: function */
 388               	/* frame size = 0 */
 389               	.LM40:
 390 028a 80E0      		ldi r24,lo8(0)
 391 028c 90E0      		ldi r25,hi8(0)
 392 028e 0E94 0000 		call __eerd_byte_m328p
 393 0292 8093 0000 		sts Sms+5,r24
 394               	.LM41:
 395 0296 80E1      		ldi r24,lo8(16)
 396 0298 90E0      		ldi r25,hi8(16)
 397 029a 0E94 0000 		call __eerd_word_m328p
 398 029e 9093 0000 		sts (Sms+62)+1,r25
 399 02a2 8093 0000 		sts Sms+62,r24
 400               	.LM42:
 401 02a6 80E2      		ldi r24,lo8(32)
 402 02a8 90E0      		ldi r25,hi8(32)
 403 02aa 0E94 0000 		call __eerd_word_m328p
 404 02ae 9093 0000 		sts (Sms+64)+1,r25
 405 02b2 8093 0000 		sts Sms+64,r24
 406               	.LM43:
 407 02b6 80E3      		ldi r24,lo8(48)
 408 02b8 90E0      		ldi r25,hi8(48)
 409 02ba 0E94 0000 		call __eerd_word_m328p
 410 02be 9093 0000 		sts (Sms+66)+1,r25
 411 02c2 8093 0000 		sts Sms+66,r24
 412               	.LM44:
 413 02c6 80E4      		ldi r24,lo8(64)
 414 02c8 90E0      		ldi r25,hi8(64)
 415 02ca 0E94 0000 		call __eerd_word_m328p
 416 02ce 9093 0000 		sts (Sms+7)+1,r25
 417 02d2 8093 0000 		sts Sms+7,r24
 418               	.LM45:
 419 02d6 80E5      		ldi r24,lo8(80)
 420 02d8 90E0      		ldi r25,hi8(80)
 421 02da 0E94 0000 		call __eerd_word_m328p
 422 02de 9093 0000 		sts (Sms+9)+1,r25
 423 02e2 8093 0000 		sts Sms+9,r24
 424               	.LM46:
 425 02e6 80E8      		ldi r24,lo8(128)
 426 02e8 90E0      		ldi r25,hi8(128)
 427 02ea 0E94 0000 		call __eerd_byte_m328p
 428 02ee 8093 0000 		sts Sms+6,r24
 429               	.LM47:
 430 02f2 80EA      		ldi r24,lo8(160)
 431 02f4 90E0      		ldi r25,hi8(160)
 432 02f6 0E94 0000 		call __eerd_dword_m328p
 433 02fa 6093 0000 		sts Sms+11,r22
 434 02fe 7093 0000 		sts (Sms+11)+1,r23
 435 0302 8093 0000 		sts (Sms+11)+2,r24
 436 0306 9093 0000 		sts (Sms+11)+3,r25
 437               	.LM48:
 438 030a 80E9      		ldi r24,lo8(144)
 439 030c 90E0      		ldi r25,hi8(144)
 440 030e 0E94 0000 		call __eerd_dword_m328p
 441 0312 6093 0000 		sts Sms+15,r22
 442 0316 7093 0000 		sts (Sms+15)+1,r23
 443 031a 8093 0000 		sts (Sms+15)+2,r24
 444 031e 9093 0000 		sts (Sms+15)+3,r25
 445               	.LM49:
 446 0322 80E6      		ldi r24,lo8(96)
 447 0324 90E0      		ldi r25,hi8(96)
 448 0326 0E94 0000 		call __eerd_dword_m328p
 449 032a 6093 0000 		sts Sms+53,r22
 450 032e 7093 0000 		sts (Sms+53)+1,r23
 451 0332 8093 0000 		sts (Sms+53)+2,r24
 452 0336 9093 0000 		sts (Sms+53)+3,r25
 453               	.LM50:
 454 033a 80E7      		ldi r24,lo8(112)
 455 033c 90E0      		ldi r25,hi8(112)
 456 033e 0E94 0000 		call __eerd_dword_m328p
 457 0342 6093 0000 		sts Sms+57,r22
 458 0346 7093 0000 		sts (Sms+57)+1,r23
 459 034a 8093 0000 		sts (Sms+57)+2,r24
 460 034e 9093 0000 		sts (Sms+57)+3,r25
 461               	.LM51:
 462 0352 80EB      		ldi r24,lo8(176)
 463 0354 90E0      		ldi r25,hi8(176)
 464 0356 0E94 0000 		call __eerd_byte_m328p
 465 035a 8093 0000 		sts Sms+19,r24
 466               	.LM52:
 467 035e 80EC      		ldi r24,lo8(192)
 468 0360 90E0      		ldi r25,hi8(192)
 469 0362 0E94 0000 		call __eerd_byte_m328p
 470 0366 8093 0000 		sts Sms+20,r24
 471               	/* epilogue start */
 472               	.LM53:
 473 036a 0895      		ret
 474               	.LFE9:
 476               	.global	zoSmsInit
 478               	zoSmsInit:
 479               	.LFB7:
 480               	.LM54:
 481               	/* prologue: function */
 482               	/* frame size = 0 */
 483               	.LM55:
 484 036c 0E94 0000 		call zoSmsPinsInit
 485               	.LM56:
 486 0370 0E94 0000 		call zoMotorInit
 487               	.LM57:
 488 0374 80E0      		ldi r24,lo8(0)
 489 0376 0E94 0000 		call zoMotorSetState
 490               	.LM58:
 491               	/* #APP */
 492               	 ;  112 "zoSms.c" 1
 493 037a F894      		cli
 494               	 ;  0 "" 2
 495               	.LM59:
 496               	/* #NOAPP */
 497 037c 80E0      		ldi r24,lo8(gs(zoSmsControlLoop))
 498 037e 90E0      		ldi r25,hi8(gs(zoSmsControlLoop))
 499 0380 0E94 0000 		call zoMotorSetTimedEventHandler
 500               	.LM60:
 501 0384 0E94 0000 		call zoEncoderInit
 502               	.LM61:
 503 0388 0E94 0000 		call zoEncoderReset
 504               	.LM62:
 505               	/* #APP */
 506               	 ;  120 "zoSms.c" 1
 507 038c F894      		cli
 508               	 ;  0 "" 2
 509               	.LM63:
 510               	/* #NOAPP */
 511 038e 0E94 0000 		call zoSmsInitSettingsFromEeprom
 512               	.LM64:
 513 0392 1092 0000 		sts Sms+94,__zero_reg__
 514               	.LM65:
 515 0396 1092 0000 		sts Sms+68,__zero_reg__
 516 039a 1092 0000 		sts (Sms+68)+1,__zero_reg__
 517 039e 1092 0000 		sts (Sms+68)+2,__zero_reg__
 518 03a2 1092 0000 		sts (Sms+68)+3,__zero_reg__
 519               	.LM66:
 520 03a6 1092 0000 		sts Sms+72,__zero_reg__
 521 03aa 1092 0000 		sts (Sms+72)+1,__zero_reg__
 522 03ae 1092 0000 		sts (Sms+72)+2,__zero_reg__
 523 03b2 1092 0000 		sts (Sms+72)+3,__zero_reg__
 524               	.LM67:
 525 03b6 1092 0000 		sts Sms+76,__zero_reg__
 526 03ba 1092 0000 		sts (Sms+76)+1,__zero_reg__
 527 03be 1092 0000 		sts (Sms+76)+2,__zero_reg__
 528 03c2 1092 0000 		sts (Sms+76)+3,__zero_reg__
 529               	.LM68:
 530 03c6 1092 0000 		sts Sms+84,__zero_reg__
 531 03ca 1092 0000 		sts (Sms+84)+1,__zero_reg__
 532 03ce 1092 0000 		sts (Sms+84)+2,__zero_reg__
 533 03d2 1092 0000 		sts (Sms+84)+3,__zero_reg__
 534               	.LM69:
 535 03d6 80E0      		ldi r24,lo8(gs(zoMotorSet))
 536 03d8 90E0      		ldi r25,hi8(gs(zoMotorSet))
 537 03da 9093 0000 		sts (Sms+90)+1,r25
 538 03de 8093 0000 		sts Sms+90,r24
 539               	.LM70:
 540 03e2 80E0      		ldi r24,lo8(gs(zoEncoderGetPos))
 541 03e4 90E0      		ldi r25,hi8(gs(zoEncoderGetPos))
 542 03e6 9093 0000 		sts (Sms+92)+1,r25
 543 03ea 8093 0000 		sts Sms+92,r24
 544               	.LM71:
 545 03ee 6091 0000 		lds r22,Sms+62
 546 03f2 7091 0000 		lds r23,(Sms+62)+1
 547 03f6 8FEF      		ldi r24,lo8(-1)
 548 03f8 9FEF      		ldi r25,hi8(-1)
 549 03fa 0E94 0000 		call __udivmodhi4
 550 03fe 962F      		mov r25,r22
 551 0400 8827      		clr r24
 552 0402 861B      		sub r24,r22
 553 0404 970B      		sbc r25,r23
 554 0406 A0E0      		ldi r26,lo8(0)
 555 0408 B0E0      		ldi r27,hi8(0)
 556 040a 8093 0000 		sts Sms+80,r24
 557 040e 9093 0000 		sts (Sms+80)+1,r25
 558 0412 A093 0000 		sts (Sms+80)+2,r26
 559 0416 B093 0000 		sts (Sms+80)+3,r27
 560               	.LM72:
 561 041a 80E0      		ldi r24,lo8(0x0)
 562 041c 90E0      		ldi r25,hi8(0x0)
 563 041e A0E0      		ldi r26,hlo8(0x0)
 564 0420 B0E0      		ldi r27,hhi8(0x0)
 565 0422 8093 0000 		sts Sms+29,r24
 566 0426 9093 0000 		sts (Sms+29)+1,r25
 567 042a A093 0000 		sts (Sms+29)+2,r26
 568 042e B093 0000 		sts (Sms+29)+3,r27
 569               	.LM73:
 570 0432 1092 0000 		sts Sms,__zero_reg__
 571               	.LM74:
 572 0436 0E94 0000 		call zoSmsErrorInit
 573               	.LM75:
 574 043a 0E94 0000 		call zoAdcInit
 575               	.LM76:
 576               	/* #APP */
 577               	 ;  142 "zoSms.c" 1
 578 043e F894      		cli
 579               	 ;  0 "" 2
 580               	.LM77:
 581               	/* #NOAPP */
 582 0440 80E0      		ldi r24,lo8(0)
 583 0442 0E94 0000 		call zoAdcSetTrigger
 584               	.LM78:
 585 0446 80E0      		ldi r24,lo8(0)
 586 0448 0E94 0000 		call zoAdcChannelEnable
 587               	.LM79:
 588 044c 81E0      		ldi r24,lo8(1)
 589 044e 0E94 0000 		call zoAdcChannelEnable
 590               	.LM80:
 591 0452 82E0      		ldi r24,lo8(2)
 592 0454 0E94 0000 		call zoAdcChannelEnable
 593               	.LM81:
 594 0458 83E0      		ldi r24,lo8(3)
 595 045a 0E94 0000 		call zoAdcChannelEnable
 596               	.LM82:
 597 045e 87E0      		ldi r24,lo8(7)
 598 0460 0E94 0000 		call zoAdcChannelEnable
 599               	.LM83:
 600               	/* #APP */
 601               	 ;  151 "zoSms.c" 1
 602 0464 7894      		sei
 603               	 ;  0 "" 2
 604               	/* epilogue start */
 605               	.LM84:
 606               	/* #NOAPP */
 607 0466 0895      		ret
 608               	.LFE7:
 610               	.global	zoSmsControlLoop
 612               	zoSmsControlLoop:
 613               	.LFB6:
 614               	.LM85:
 615 0468 AF92      		push r10
 616 046a BF92      		push r11
 617 046c CF92      		push r12
 618 046e DF92      		push r13
 619 0470 EF92      		push r14
 620 0472 FF92      		push r15
 621 0474 0F93      		push r16
 622 0476 1F93      		push r17
 623               	/* prologue: function */
 624               	/* frame size = 0 */
 625               	.LM86:
 626 0478 0E94 0000 		call zoEncoderSetVel
 627               	.LM87:
 628 047c 8091 0000 		lds r24,Sms
 629 0480 8823      		tst r24
 630 0482 01F0      		breq .L44
 631               	.LM88:
 632 0484 8330      		cpi r24,lo8(3)
 633 0486 01F0      		breq .L35
 634 0488 8430      		cpi r24,lo8(4)
 635 048a 01F4      		brne .+2
 636 048c 00C0      		rjmp .L36
 637 048e 8230      		cpi r24,lo8(2)
 638 0490 01F4      		brne .+2
 639 0492 00C0      		rjmp .L47
 640               	.L33:
 641               	.LM89:
 642 0494 E091 0000 		lds r30,Sms+88
 643 0498 F091 0000 		lds r31,(Sms+88)+1
 644 049c 80E0      		ldi r24,lo8(Sms+62)
 645 049e 90E0      		ldi r25,hi8(Sms+62)
 646 04a0 0995      		icall
 647               	.L44:
 648               	/* epilogue start */
 649               	.LM90:
 650 04a2 1F91      		pop r17
 651 04a4 0F91      		pop r16
 652 04a6 FF90      		pop r15
 653 04a8 EF90      		pop r14
 654 04aa DF90      		pop r13
 655 04ac CF90      		pop r12
 656 04ae BF90      		pop r11
 657 04b0 AF90      		pop r10
 658 04b2 0895      		ret
 659               	.L35:
 660               	.LM91:
 661 04b4 E090 0000 		lds r14,Sms+29
 662 04b8 F090 0000 		lds r15,(Sms+29)+1
 663 04bc 0091 0000 		lds r16,(Sms+29)+2
 664 04c0 1091 0000 		lds r17,(Sms+29)+3
 665 04c4 E092 0000 		sts Sms+33,r14
 666 04c8 F092 0000 		sts (Sms+33)+1,r15
 667 04cc 0093 0000 		sts (Sms+33)+2,r16
 668 04d0 1093 0000 		sts (Sms+33)+3,r17
 669               	.LBB4:
 670               	.LBB5:
 671               	.LM92:
 672 04d4 A090 0000 		lds r10,Sms+25
 673 04d8 B090 0000 		lds r11,(Sms+25)+1
 674 04dc C090 0000 		lds r12,(Sms+25)+2
 675 04e0 D090 0000 		lds r13,(Sms+25)+3
 676 04e4 C801      		movw r24,r16
 677 04e6 B701      		movw r22,r14
 678 04e8 A601      		movw r20,r12
 679 04ea 9501      		movw r18,r10
 680 04ec 0E94 0000 		call __subsf3
 681 04f0 9B01      		movw r18,r22
 682 04f2 AC01      		movw r20,r24
 683 04f4 0E94 0000 		call __mulsf3
 684 04f8 2091 0000 		lds r18,Sms+1
 685 04fc 3091 0000 		lds r19,(Sms+1)+1
 686 0500 4091 0000 		lds r20,(Sms+1)+2
 687 0504 5091 0000 		lds r21,(Sms+1)+3
 688 0508 0E94 0000 		call __mulsf3
 689 050c 0E94 0000 		call __fixsfsi
 690 0510 1616      		cp __zero_reg__,r22
 691 0512 1706      		cpc __zero_reg__,r23
 692 0514 1806      		cpc __zero_reg__,r24
 693 0516 1906      		cpc __zero_reg__,r25
 694 0518 04F0      		brlt .+2
 695 051a 00C0      		rjmp .L37
 696               	.L46:
 697               	.LBE5:
 698               	.LBE4:
 699               	.LM93:
 700 051c C801      		movw r24,r16
 701 051e B701      		movw r22,r14
 702 0520 2091 0000 		lds r18,Sms+37
 703 0524 3091 0000 		lds r19,(Sms+37)+1
 704 0528 4091 0000 		lds r20,(Sms+37)+2
 705 052c 5091 0000 		lds r21,(Sms+37)+3
 706 0530 0E94 0000 		call __addsf3
 707               	.L45:
 708               	.LM94:
 709 0534 6093 0000 		sts Sms+29,r22
 710 0538 7093 0000 		sts (Sms+29)+1,r23
 711 053c 8093 0000 		sts (Sms+29)+2,r24
 712 0540 9093 0000 		sts (Sms+29)+3,r25
 713               	.LM95:
 714 0544 2091 0000 		lds r18,Sms+21
 715 0548 3091 0000 		lds r19,(Sms+21)+1
 716 054c 4091 0000 		lds r20,(Sms+21)+2
 717 0550 5091 0000 		lds r21,(Sms+21)+3
 718 0554 0E94 0000 		call __addsf3
 719 0558 6093 0000 		sts Sms+21,r22
 720 055c 7093 0000 		sts (Sms+21)+1,r23
 721 0560 8093 0000 		sts (Sms+21)+2,r24
 722 0564 9093 0000 		sts (Sms+21)+3,r25
 723               	.LM96:
 724 0568 0E94 0000 		call __fixsfsi
 725 056c 6093 0000 		sts Sms+84,r22
 726 0570 7093 0000 		sts (Sms+84)+1,r23
 727 0574 8093 0000 		sts (Sms+84)+2,r24
 728 0578 9093 0000 		sts (Sms+84)+3,r25
 729               	.LM97:
 730 057c E091 0000 		lds r30,Sms+88
 731 0580 F091 0000 		lds r31,(Sms+88)+1
 732 0584 80E0      		ldi r24,lo8(Sms+62)
 733 0586 90E0      		ldi r25,hi8(Sms+62)
 734 0588 0995      		icall
 735 058a 00C0      		rjmp .L44
 736               	.L47:
 737               	.LM98:
 738 058c 6091 0000 		lds r22,Sms+21
 739 0590 7091 0000 		lds r23,(Sms+21)+1
 740 0594 8091 0000 		lds r24,(Sms+21)+2
 741 0598 9091 0000 		lds r25,(Sms+21)+3
 742 059c 2091 0000 		lds r18,Sms+29
 743 05a0 3091 0000 		lds r19,(Sms+29)+1
 744 05a4 4091 0000 		lds r20,(Sms+29)+2
 745 05a8 5091 0000 		lds r21,(Sms+29)+3
 746 05ac 0E94 0000 		call __addsf3
 747 05b0 6093 0000 		sts Sms+21,r22
 748 05b4 7093 0000 		sts (Sms+21)+1,r23
 749 05b8 8093 0000 		sts (Sms+21)+2,r24
 750 05bc 9093 0000 		sts (Sms+21)+3,r25
 751               	.LM99:
 752 05c0 0E94 0000 		call __fixsfsi
 753 05c4 6093 0000 		sts Sms+84,r22
 754 05c8 7093 0000 		sts (Sms+84)+1,r23
 755 05cc 8093 0000 		sts (Sms+84)+2,r24
 756 05d0 9093 0000 		sts (Sms+84)+3,r25
 757               	.LM100:
 758 05d4 E091 0000 		lds r30,Sms+88
 759 05d8 F091 0000 		lds r31,(Sms+88)+1
 760 05dc 80E0      		ldi r24,lo8(Sms+62)
 761 05de 90E0      		ldi r25,hi8(Sms+62)
 762 05e0 0995      		icall
 763 05e2 00C0      		rjmp .L44
 764               	.L36:
 765               	.LM101:
 766 05e4 E090 0000 		lds r14,Sms+29
 767 05e8 F090 0000 		lds r15,(Sms+29)+1
 768 05ec 0091 0000 		lds r16,(Sms+29)+2
 769 05f0 1091 0000 		lds r17,(Sms+29)+3
 770 05f4 E092 0000 		sts Sms+33,r14
 771 05f8 F092 0000 		sts (Sms+33)+1,r15
 772 05fc 0093 0000 		sts (Sms+33)+2,r16
 773 0600 1093 0000 		sts (Sms+33)+3,r17
 774               	.LM102:
 775 0604 8091 0000 		lds r24,Sms+61
 776 0608 8130      		cpi r24,lo8(1)
 777 060a 01F0      		breq .L39
 778 060c 8130      		cpi r24,lo8(1)
 779 060e 00F0      		brlo .L38
 780 0610 8230      		cpi r24,lo8(2)
 781 0612 01F0      		breq .+2
 782 0614 00C0      		rjmp .L33
 783               	.LM103:
 784 0616 0E94 0000 		call positionReachedCriterion
 785 061a 8823      		tst r24
 786 061c 01F4      		brne .+2
 787 061e 00C0      		rjmp .L48
 788               	.LM104:
 789 0620 E090 0000 		lds r14,Sms+49
 790 0624 F090 0000 		lds r15,(Sms+49)+1
 791 0628 0091 0000 		lds r16,(Sms+49)+2
 792 062c 1091 0000 		lds r17,(Sms+49)+3
 793 0630 C801      		movw r24,r16
 794 0632 B701      		movw r22,r14
 795 0634 0E94 0000 		call __floatsisf
 796 0638 6093 0000 		sts Sms+21,r22
 797 063c 7093 0000 		sts (Sms+21)+1,r23
 798 0640 8093 0000 		sts (Sms+21)+2,r24
 799 0644 9093 0000 		sts (Sms+21)+3,r25
 800               	.LM105:
 801 0648 E092 0000 		sts Sms+84,r14
 802 064c F092 0000 		sts (Sms+84)+1,r15
 803 0650 0093 0000 		sts (Sms+84)+2,r16
 804 0654 1093 0000 		sts (Sms+84)+3,r17
 805               	.LM106:
 806 0658 81E0      		ldi r24,lo8(1)
 807 065a 8093 0000 		sts Sms,r24
 808 065e 00C0      		rjmp .L33
 809               	.L38:
 810               	.LM107:
 811 0660 0E94 0000 		call accelerationCompleteCriterion
 812 0664 8823      		tst r24
 813 0666 01F4      		brne .+2
 814 0668 00C0      		rjmp .L46
 815               	.LM108:
 816 066a 81E0      		ldi r24,lo8(1)
 817 066c 8093 0000 		sts Sms+61,r24
 818 0670 00C0      		rjmp .L33
 819               	.L39:
 820               	.LM109:
 821 0672 0E94 0000 		call constantVelocityCompletedCriterion
 822 0676 8823      		tst r24
 823 0678 01F4      		brne .L42
 824               	.LM110:
 825 067a 6091 0000 		lds r22,Sms+21
 826 067e 7091 0000 		lds r23,(Sms+21)+1
 827 0682 8091 0000 		lds r24,(Sms+21)+2
 828 0686 9091 0000 		lds r25,(Sms+21)+3
 829 068a 2091 0000 		lds r18,Sms+25
 830 068e 3091 0000 		lds r19,(Sms+25)+1
 831 0692 4091 0000 		lds r20,(Sms+25)+2
 832 0696 5091 0000 		lds r21,(Sms+25)+3
 833 069a 0E94 0000 		call __addsf3
 834 069e 6093 0000 		sts Sms+21,r22
 835 06a2 7093 0000 		sts (Sms+21)+1,r23
 836 06a6 8093 0000 		sts (Sms+21)+2,r24
 837 06aa 9093 0000 		sts (Sms+21)+3,r25
 838               	.LM111:
 839 06ae 0E94 0000 		call __fixsfsi
 840 06b2 6093 0000 		sts Sms+84,r22
 841 06b6 7093 0000 		sts (Sms+84)+1,r23
 842 06ba 8093 0000 		sts (Sms+84)+2,r24
 843 06be 9093 0000 		sts (Sms+84)+3,r25
 844 06c2 00C0      		rjmp .L33
 845               	.L42:
 846               	.LM112:
 847 06c4 82E0      		ldi r24,lo8(2)
 848 06c6 8093 0000 		sts Sms+61,r24
 849 06ca 00C0      		rjmp .L33
 850               	.L48:
 851               	.LM113:
 852 06cc E090 0000 		lds r14,Sms+29
 853 06d0 F090 0000 		lds r15,(Sms+29)+1
 854 06d4 0091 0000 		lds r16,(Sms+29)+2
 855 06d8 1091 0000 		lds r17,(Sms+29)+3
 856 06dc 0E94 0000 		call deccelRecalc
 857 06e0 9B01      		movw r18,r22
 858 06e2 AC01      		movw r20,r24
 859 06e4 C801      		movw r24,r16
 860 06e6 B701      		movw r22,r14
 861 06e8 0E94 0000 		call __subsf3
 862 06ec 00C0      		rjmp .L45
 863               	.L37:
 864               	.LM114:
 865 06ee 82E0      		ldi r24,lo8(2)
 866 06f0 8093 0000 		sts Sms,r24
 867               	.LM115:
 868 06f4 A092 0000 		sts Sms+29,r10
 869 06f8 B092 0000 		sts (Sms+29)+1,r11
 870 06fc C092 0000 		sts (Sms+29)+2,r12
 871 0700 D092 0000 		sts (Sms+29)+3,r13
 872 0704 00C0      		rjmp .L33
 873               	.LFE6:
 875               	.global	Sms
 876               		.data
 879               	Sms:
 880 0000 00        		.byte	0
 881 0001 00        		.byte	0
 882 0002 00        		.byte	0
 883 0003 00        		.byte	0
 884 0004 00        		.byte	0
 885 0005 00        		.byte	0
 886 0006 00        		.byte	0
 887 0007 0000      		.word	0
 888 0009 0000      		.word	0
 889 000b 00        		.byte	0
 890 000c 00        		.byte	0
 891 000d 00        		.byte	0
 892 000e 00        		.byte	0
 893 000f 00        		.byte	0
 894 0010 00        		.byte	0
 895 0011 00        		.byte	0
 896 0012 00        		.byte	0
 897 0013 00        		.byte	0
 898 0014 00        		.byte	0
 899 0015 00        		.byte	0
 900 0016 00        		.byte	0
 901 0017 00        		.byte	0
 902 0018 00        		.byte	0
 903 0019 00        		.byte	0
 904 001a 00        		.byte	0
 905 001b 00        		.byte	0
 906 001c 00        		.byte	0
 907 001d 00        		.byte	0
 908 001e 00        		.byte	0
 909 001f 00        		.byte	0
 910 0020 00        		.byte	0
 911 0021 00        		.byte	0
 912 0022 00        		.byte	0
 913 0023 00        		.byte	0
 914 0024 00        		.byte	0
 915 0025 00        		.byte	0
 916 0026 00        		.byte	0
 917 0027 00        		.byte	0
 918 0028 00        		.byte	0
 919 0029 00        		.byte	0
 920 002a 00        		.byte	0
 921 002b 00        		.byte	0
 922 002c 00        		.byte	0
 923 002d 00        		.byte	0
 924 002e 00        		.byte	0
 925 002f 00        		.byte	0
 926 0030 00        		.byte	0
 927 0031 00        		.byte	0
 928 0032 00        		.byte	0
 929 0033 00        		.byte	0
 930 0034 00        		.byte	0
 931 0035 00        		.byte	0
 932 0036 00        		.byte	0
 933 0037 00        		.byte	0
 934 0038 00        		.byte	0
 935 0039 00        		.byte	0
 936 003a 00        		.byte	0
 937 003b 00        		.byte	0
 938 003c 00        		.byte	0
 939 003d 00        		.skip 1,0
 940 003e 0000      		.word	0
 941 0040 0000      		.word	0
 942 0042 0000      		.word	0
 943 0044 00        		.byte	0
 944 0045 00        		.byte	0
 945 0046 00        		.byte	0
 946 0047 00        		.byte	0
 947 0048 00        		.byte	0
 948 0049 00        		.byte	0
 949 004a 00        		.byte	0
 950 004b 00        		.byte	0
 951 004c 00        		.byte	0
 952 004d 00        		.byte	0
 953 004e 00        		.byte	0
 954 004f 00        		.byte	0
 955 0050 00        		.byte	0
 956 0051 00        		.byte	0
 957 0052 00        		.byte	0
 958 0053 00        		.byte	0
 959 0054 00        		.byte	0
 960 0055 00        		.byte	0
 961 0056 00        		.byte	0
 962 0057 00        		.byte	0
 963 0058 0000      		.word	gs(zoPidDoPid)
 964 005a 0000      		.word	0
 965 005c 0000      		.word	0
 966 005e 00        		.byte	0
 967 005f 00        		.byte	0
 968 0060 00        		.byte	0
 969 0061 00        		.byte	0
 970 0062 00        		.byte	0
 1059               	.Letext0:
DEFINED SYMBOLS
                            *ABS*:00000000 zoSms.c
C:\DOCUME~1\giannis\LOCALS~1\Temp/ccHFH1tY.s:2      *ABS*:0000003f __SREG__
C:\DOCUME~1\giannis\LOCALS~1\Temp/ccHFH1tY.s:3      *ABS*:0000003e __SP_H__
C:\DOCUME~1\giannis\LOCALS~1\Temp/ccHFH1tY.s:4      *ABS*:0000003d __SP_L__
C:\DOCUME~1\giannis\LOCALS~1\Temp/ccHFH1tY.s:5      *ABS*:00000034 __CCP__
C:\DOCUME~1\giannis\LOCALS~1\Temp/ccHFH1tY.s:6      *ABS*:00000000 __tmp_reg__
C:\DOCUME~1\giannis\LOCALS~1\Temp/ccHFH1tY.s:7      *ABS*:00000001 __zero_reg__
C:\DOCUME~1\giannis\LOCALS~1\Temp/ccHFH1tY.s:18     .text:00000000 zoSmsPinsInit
C:\DOCUME~1\giannis\LOCALS~1\Temp/ccHFH1tY.s:49     .text:0000001c accelerationCompleteCriterion
C:\DOCUME~1\giannis\LOCALS~1\Temp/ccHFH1tY.s:879    .data:00000000 Sms
C:\DOCUME~1\giannis\LOCALS~1\Temp/ccHFH1tY.s:120    .text:000000b6 positionReachedCriterion
C:\DOCUME~1\giannis\LOCALS~1\Temp/ccHFH1tY.s:169    .text:00000104 constantVelocityCompletedCriterion
C:\DOCUME~1\giannis\LOCALS~1\Temp/ccHFH1tY.s:218    .text:00000152 deccelRecalc
C:\DOCUME~1\giannis\LOCALS~1\Temp/ccHFH1tY.s:290    .text:000001e4 zoSmsRestoreDefaults
C:\DOCUME~1\giannis\LOCALS~1\Temp/ccHFH1tY.s:384    .text:0000028a zoSmsInitSettingsFromEeprom
C:\DOCUME~1\giannis\LOCALS~1\Temp/ccHFH1tY.s:478    .text:0000036c zoSmsInit
C:\DOCUME~1\giannis\LOCALS~1\Temp/ccHFH1tY.s:612    .text:00000468 zoSmsControlLoop

UNDEFINED SYMBOLS
__subsf3
__mulsf3
__fixsfsi
zoEncoderGetPos
square
__floatsisf
__divsf3
__eewr_byte_m328p
__eewr_word_m328p
__eewr_dword_m328p
__eerd_byte_m328p
__eerd_word_m328p
__eerd_dword_m328p
zoMotorInit
zoMotorSetState
zoMotorSetTimedEventHandler
zoEncoderInit
zoEncoderReset
zoMotorSet
__udivmodhi4
zoSmsErrorInit
zoAdcInit
zoAdcSetTrigger
zoAdcChannelEnable
zoEncoderSetVel
__addsf3
zoPidDoPid
__do_copy_data
